<?xml version="1.0" encoding="UTF-8"?>
<testsuite name="test.java.AlgoTest" tests="1" skipped="0" failures="0" errors="0" timestamp="2018-10-22T06:31:39" hostname="XY2-PC" time="0.008">
  <properties/>
  <testcase name="test" classname="test.java.AlgoTest" time="0.008"/>
  <system-out><![CDATA[]]></system-out>
  <system-err><![CDATA[]]></system-err>
</testsuite>
